[2016-10-25 14:50:42]/scm/modules/supplier/index.php?act=goods&op=goods_import
ERR : Db Error: Column 'status' cannot be null
INSERT  INTO `gzkj`.`gzkj_scm_supp_stock` (supp_id,goods_barcode,goods_nm,goods_price,goods_discount,goods_unit,unit_num,goods_rate,goods_spec,min_set_num,storage_code,produce_company,produce_area,goods_stock,production_date,valid_remind,shelf_life,status) VALUES ('CHLY0000101','可口可乐汽水330ml*24罐/箱碳酸饮料团聚可乐大包装','0.01','1','箱','24','15','500ml*24','10','','大连甘井子区','大连','','2016/7/1 0:00','30','24天','1',NULL)
[2016-10-25 14:50:42]/scm/modules/supplier/index.php?act=goods&op=goods_import
ERR : Db Error: Column 'status' cannot be null
INSERT  INTO `gzkj`.`gzkj_scm_supp_stock` (supp_id,goods_barcode,goods_nm,goods_price,goods_discount,goods_unit,unit_num,goods_rate,goods_spec,min_set_num,storage_code,produce_company,produce_area,goods_stock,production_date,valid_remind,shelf_life,status) VALUES ('CHLY0000101','康师傅酸梅汤500ml*15瓶（整箱）','0.01','0.01','箱','15','15','500ml*15','10','','沈阳康辉食品有限公司','沈阳','','2016/7/2 0:00','30','6天','1',NULL)
[2016-10-25 14:50:42]/scm/modules/supplier/index.php?act=goods&op=goods_import
ERR : Db Error: Column 'status' cannot be null
INSERT  INTO `gzkj`.`gzkj_scm_supp_stock` (supp_id,goods_barcode,goods_nm,goods_price,goods_discount,goods_unit,unit_num,goods_rate,goods_spec,min_set_num,storage_code,produce_company,produce_area,goods_stock,production_date,valid_remind,shelf_life,status) VALUES ('CHLY0000101','蒙牛麦香口味早餐奶250ml*16盒','50','0.9','箱','16','15','250mL*16盒','10','','大连甘井子区','大连','','2016/7/1 0:00','10','45天','1',NULL)
[2016-10-25 14:50:42]/scm/modules/supplier/index.php?act=goods&op=goods_import
ERR : Db Error: Column 'status' cannot be null
INSERT  INTO `gzkj`.`gzkj_scm_supp_stock` (supp_id,goods_barcode,goods_nm,goods_price,goods_discount,goods_unit,unit_num,goods_rate,goods_spec,min_set_num,storage_code,produce_company,produce_area,goods_stock,production_date,valid_remind,shelf_life,status) VALUES ('CHLY0000101','伊利 纯牛奶 240ml*16包/提','0.01','0.9','箱','16','15','240ml*16包','10','','大连','大连','','2016/7/1 0:00','10','45天','1',NULL)
[2016-10-25 14:50:42]/scm/modules/supplier/index.php?act=goods&op=goods_import
ERR : Db Error: Column 'status' cannot be null
INSERT  INTO `gzkj`.`gzkj_scm_supp_stock` (supp_id,goods_barcode,goods_nm,goods_price,goods_discount,goods_unit,unit_num,goods_rate,goods_spec,min_set_num,storage_code,produce_company,produce_area,goods_stock,production_date,valid_remind,shelf_life,status) VALUES ('CHLY0000101','达利园好吃点饼干108克X10包','100','0.95','箱','10','12','208g*10包','25','','大连甘井子区','大连','','2016/7/1 0:00','30','12天','1',NULL)
[2016-10-25 14:50:42]/scm/modules/supplier/index.php?act=goods&op=goods_import
ERR : Db Error: Column 'status' cannot be null
INSERT  INTO `gzkj`.`gzkj_scm_supp_stock` (supp_id,goods_barcode,goods_nm,goods_price,goods_discount,goods_unit,unit_num,goods_rate,goods_spec,min_set_num,storage_code,produce_company,produce_area,goods_stock,production_date,valid_remind,shelf_life,status) VALUES ('CHLY0000101','康师傅3+2苏打夹心饼干375g/袋香浓奶油味早餐零食','45','0.95','箱','12','12','375g*12袋','30','','大连甘井子区','大连','','2016/7/1 0:00','30','12个月','1',NULL)
[2016-10-25 14:50:42]/scm/modules/supplier/index.php?act=goods&op=goods_import
ERR : Db Error: Column 'status' cannot be null
INSERT  INTO `gzkj`.`gzkj_scm_supp_stock` (supp_id,goods_barcode,goods_nm,goods_price,goods_discount,goods_unit,unit_num,goods_rate,goods_spec,min_set_num,storage_code,produce_company,produce_area,goods_stock,production_date,valid_remind,shelf_life,status) VALUES ('CHLY0000101','知味观合桃酥礼品袋装175克*4','39','0.95','箱','4','14','175g*4袋','15','','大连甘井子区','大连','','2016/7/1 0:00','30','12天','1',NULL)
[2016-10-25 14:50:42]/scm/modules/supplier/index.php?act=goods&op=goods_import
ERR : Db Error: Column 'status' cannot be null
INSERT  INTO `gzkj`.`gzkj_scm_supp_stock` (supp_id,goods_barcode,goods_nm,goods_price,goods_discount,goods_unit,unit_num,goods_rate,goods_spec,min_set_num,storage_code,produce_company,produce_area,goods_stock,production_date,valid_remind,shelf_life,status) VALUES ('CHLY0000101','盼盼食品法式小面包 早餐手撕软面包糕点2000g','30','1','箱','1','14','2kg','16','','大连甘井子区','大连','','2016/7/1 0:00','30','12个月','1',NULL)
[2016-10-25 14:51:17]/scm/modules/supplier/index.php?act=goods&op=goods_import
ERR : Db Error: Column 'status' cannot be null
INSERT  INTO `gzkj`.`gzkj_scm_supp_stock` (supp_id,goods_barcode,goods_nm,goods_price,goods_discount,goods_unit,unit_num,goods_rate,goods_spec,min_set_num,storage_code,produce_company,produce_area,goods_stock,production_date,valid_remind,shelf_life,status) VALUES ('CHLY0000101','可口可乐汽水330ml*24罐/箱碳酸饮料团聚可乐大包装','0.01','1','箱','24','15','500ml*24','10','','大连甘井子区','大连','','2016/7/1 0:00','30','24天','1',NULL)
[2016-10-25 14:51:17]/scm/modules/supplier/index.php?act=goods&op=goods_import
ERR : Db Error: Column 'status' cannot be null
INSERT  INTO `gzkj`.`gzkj_scm_supp_stock` (supp_id,goods_barcode,goods_nm,goods_price,goods_discount,goods_unit,unit_num,goods_rate,goods_spec,min_set_num,storage_code,produce_company,produce_area,goods_stock,production_date,valid_remind,shelf_life,status) VALUES ('CHLY0000101','康师傅酸梅汤500ml*15瓶（整箱）','0.01','0.01','箱','15','15','500ml*15','10','','沈阳康辉食品有限公司','沈阳','','2016/7/2 0:00','30','6天','1',NULL)
[2016-10-25 14:51:17]/scm/modules/supplier/index.php?act=goods&op=goods_import
ERR : Db Error: Column 'status' cannot be null
INSERT  INTO `gzkj`.`gzkj_scm_supp_stock` (supp_id,goods_barcode,goods_nm,goods_price,goods_discount,goods_unit,unit_num,goods_rate,goods_spec,min_set_num,storage_code,produce_company,produce_area,goods_stock,production_date,valid_remind,shelf_life,status) VALUES ('CHLY0000101','蒙牛麦香口味早餐奶250ml*16盒','50','0.9','箱','16','15','250mL*16盒','10','','大连甘井子区','大连','','2016/7/1 0:00','10','45天','1',NULL)
[2016-10-25 14:51:17]/scm/modules/supplier/index.php?act=goods&op=goods_import
ERR : Db Error: Column 'status' cannot be null
INSERT  INTO `gzkj`.`gzkj_scm_supp_stock` (supp_id,goods_barcode,goods_nm,goods_price,goods_discount,goods_unit,unit_num,goods_rate,goods_spec,min_set_num,storage_code,produce_company,produce_area,goods_stock,production_date,valid_remind,shelf_life,status) VALUES ('CHLY0000101','伊利 纯牛奶 240ml*16包/提','0.01','0.9','箱','16','15','240ml*16包','10','','大连','大连','','2016/7/1 0:00','10','45天','1',NULL)
[2016-10-25 14:51:17]/scm/modules/supplier/index.php?act=goods&op=goods_import
ERR : Db Error: Column 'status' cannot be null
INSERT  INTO `gzkj`.`gzkj_scm_supp_stock` (supp_id,goods_barcode,goods_nm,goods_price,goods_discount,goods_unit,unit_num,goods_rate,goods_spec,min_set_num,storage_code,produce_company,produce_area,goods_stock,production_date,valid_remind,shelf_life,status) VALUES ('CHLY0000101','达利园好吃点饼干108克X10包','100','0.95','箱','10','12','208g*10包','25','','大连甘井子区','大连','','2016/7/1 0:00','30','12天','1',NULL)
[2016-10-25 14:51:17]/scm/modules/supplier/index.php?act=goods&op=goods_import
ERR : Db Error: Column 'status' cannot be null
INSERT  INTO `gzkj`.`gzkj_scm_supp_stock` (supp_id,goods_barcode,goods_nm,goods_price,goods_discount,goods_unit,unit_num,goods_rate,goods_spec,min_set_num,storage_code,produce_company,produce_area,goods_stock,production_date,valid_remind,shelf_life,status) VALUES ('CHLY0000101','康师傅3+2苏打夹心饼干375g/袋香浓奶油味早餐零食','45','0.95','箱','12','12','375g*12袋','30','','大连甘井子区','大连','','2016/7/1 0:00','30','12个月','1',NULL)
[2016-10-25 14:51:18]/scm/modules/supplier/index.php?act=goods&op=goods_import
ERR : Db Error: Column 'status' cannot be null
INSERT  INTO `gzkj`.`gzkj_scm_supp_stock` (supp_id,goods_barcode,goods_nm,goods_price,goods_discount,goods_unit,unit_num,goods_rate,goods_spec,min_set_num,storage_code,produce_company,produce_area,goods_stock,production_date,valid_remind,shelf_life,status) VALUES ('CHLY0000101','知味观合桃酥礼品袋装175克*4','39','0.95','箱','4','14','175g*4袋','15','','大连甘井子区','大连','','2016/7/1 0:00','30','12天','1',NULL)
[2016-10-25 14:51:18]/scm/modules/supplier/index.php?act=goods&op=goods_import
ERR : Db Error: Column 'status' cannot be null
INSERT  INTO `gzkj`.`gzkj_scm_supp_stock` (supp_id,goods_barcode,goods_nm,goods_price,goods_discount,goods_unit,unit_num,goods_rate,goods_spec,min_set_num,storage_code,produce_company,produce_area,goods_stock,production_date,valid_remind,shelf_life,status) VALUES ('CHLY0000101','盼盼食品法式小面包 早餐手撕软面包糕点2000g','30','1','箱','1','14','2kg','16','','大连甘井子区','大连','','2016/7/1 0:00','30','12个月','1',NULL)
